\BOOKMARK [1][-]{section.1}{\376\377\137\025\212\000}{}% 1
\BOOKMARK [1][-]{section.2}{\376\377\000A\000I\127\050\116\163\201\172\000X\176\277\144\104\137\161\116\055\166\204\136\224\165\050}{}% 2
\BOOKMARK [2][-]{subsection.2.1}{\376\377\155\361\136\246\133\146\116\140\147\266\147\204\116\016\150\300\155\113\140\047\200\375}{section.2}% 3
\BOOKMARK [2][-]{subsection.2.2}{\376\377\125\106\116\032\000A\000I\174\373\176\337\116\016\116\064\136\212\213\325\232\214}{section.2}% 4
\BOOKMARK [2][-]{subsection.2.3}{\376\377\230\316\226\151\213\304\117\060\116\016\116\052\140\047\123\026\173\133\147\345}{section.2}% 5
\BOOKMARK [1][-]{section.3}{\376\377\000A\000I\127\050\116\163\201\172\215\205\130\360\213\312\145\255\116\055\166\204\136\224\165\050}{}% 6
\BOOKMARK [1][-]{section.4}{\376\377\000A\000I\127\050\116\163\201\172\000M\000R\000I\116\055\166\204\136\224\165\050}{}% 7
\BOOKMARK [1][-]{section.5}{\376\377\000A\000I\127\050\176\304\176\307\165\305\164\006\133\146\126\376\120\317\122\006\147\220\116\055\166\204\136\224\165\050}{}% 8
\BOOKMARK [2][-]{subsection.5.1}{\376\377\121\150\122\007\162\107\126\376\120\317\122\006\147\220\116\016\137\061\166\321\167\143\133\146\116\140}{section.5}% 9
\BOOKMARK [2][-]{subsection.5.2}{\376\377\000T\000r\000a\000n\000s\000f\000o\000r\000m\000e\000r\116\016\127\372\170\100\152\041\127\213}{section.5}% 10
\BOOKMARK [2][-]{subsection.5.3}{\376\377\165\037\162\151\150\007\137\327\162\151\230\204\155\113}{section.5}% 11
\BOOKMARK [1][-]{section.6}{\376\377\131\032\152\041\140\001\207\215\124\010\116\016\123\357\211\343\221\312\140\047\000A\000I}{}% 12
\BOOKMARK [2][-]{subsection.6.1}{\376\377\131\032\152\041\140\001\145\160\143\156\207\215\124\010}{section.6}% 13
\BOOKMARK [2][-]{subsection.6.2}{\376\377\123\357\211\343\221\312\140\047\000A\000I}{section.6}% 14
\BOOKMARK [1][-]{section.7}{\376\377\143\021\142\030\116\016\134\125\147\033}{}% 15
\BOOKMARK [2][-]{subsection.7.1}{\376\377\145\160\143\156\226\220\171\301\116\016\200\124\220\246\133\146\116\140}{section.7}% 16
\BOOKMARK [2][-]{subsection.7.2}{\376\377\152\041\127\213\154\333\123\026\116\016\131\026\220\350\232\214\213\301}{section.7}% 17
\BOOKMARK [2][-]{subsection.7.3}{\376\377\116\064\136\212\204\075\127\060\226\234\170\215}{section.7}% 18
\BOOKMARK [2][-]{subsection.7.4}{\376\377\147\052\147\145\123\321\134\125\145\271\124\021}{section.7}% 19
\BOOKMARK [1][-]{section.8}{\376\377\176\323\213\272}{}% 20
